<?xml version="1.0" encoding="UTF-8"?>
<testng-results ignored="0" total="14" passed="12" failed="2" skipped="0">
  <reporter-output>
  </reporter-output>
  <suite started-at="2024-12-21T10:20:26 IST" name="AllSuite" finished-at="2024-12-21T10:23:45 IST" duration-ms="199236">
    <groups>
    </groups>
    <test started-at="2024-12-21T10:20:26 IST" name="Test" finished-at="2024-12-21T10:23:45 IST" duration-ms="199236">
      <class name="com.mystore.testcases.IndexPageTestxml">
        <test-method is-config="true" signature="loadconfig()[pri:0, instance:com.mystore.testcases.IndexPageTestxml@c86b9e3]" started-at="2024-12-21T10:20:26 IST" name="loadconfig" finished-at="2024-12-21T10:20:26 IST" duration-ms="104" status="PASS">
          <reporter-output>
          </reporter-output>
        </test-method> <!-- loadconfig -->
        <test-method is-config="true" signature="beforeTest()[pri:0, instance:com.mystore.testcases.IndexPageTestxml@c86b9e3]" started-at="2024-12-21T10:20:26 IST" name="beforeTest" finished-at="2024-12-21T10:20:26 IST" duration-ms="2" status="PASS">
          <reporter-output>
          </reporter-output>
        </test-method> <!-- beforeTest -->
        <test-method is-config="true" signature="beforeClass()[pri:0, instance:com.mystore.testcases.IndexPageTestxml@c86b9e3]" started-at="2024-12-21T10:20:26 IST" name="beforeClass" finished-at="2024-12-21T10:20:26 IST" duration-ms="1" status="PASS">
          <reporter-output>
          </reporter-output>
        </test-method> <!-- beforeClass -->
        <test-method is-config="true" signature="setup(java.lang.String)[pri:0, instance:com.mystore.testcases.IndexPageTestxml@c86b9e3]" started-at="2024-12-21T10:20:26 IST" name="setup" finished-at="2024-12-21T10:20:38 IST" duration-ms="12072" status="PASS">
          <params>
            <param index="0">
              <value>
                <![CDATA[Edge]]>
              </value>
            </param>
          </params>
          <reporter-output>
          </reporter-output>
        </test-method> <!-- setup -->
        <test-method signature="verifyLogo()[pri:0, instance:com.mystore.testcases.IndexPageTestxml@c86b9e3]" started-at="2024-12-21T10:20:38 IST" name="verifyLogo" finished-at="2024-12-21T10:20:38 IST" duration-ms="102" status="PASS">
          <reporter-output>
          </reporter-output>
        </test-method> <!-- verifyLogo -->
        <test-method is-config="true" signature="tearDown()[pri:0, instance:com.mystore.testcases.IndexPageTestxml@c86b9e3]" started-at="2024-12-21T10:20:38 IST" name="tearDown" finished-at="2024-12-21T10:20:39 IST" duration-ms="239" status="PASS">
          <reporter-output>
          </reporter-output>
        </test-method> <!-- tearDown -->
        <test-method is-config="true" signature="setup(java.lang.String)[pri:0, instance:com.mystore.testcases.IndexPageTestxml@c86b9e3]" started-at="2024-12-21T10:20:39 IST" name="setup" finished-at="2024-12-21T10:20:48 IST" duration-ms="9724" status="PASS">
          <params>
            <param index="0">
              <value>
                <![CDATA[Edge]]>
              </value>
            </param>
          </params>
          <reporter-output>
          </reporter-output>
        </test-method> <!-- setup -->
        <test-method signature="verifyTitle()[pri:0, instance:com.mystore.testcases.IndexPageTestxml@c86b9e3]" started-at="2024-12-21T10:20:48 IST" name="verifyTitle" finished-at="2024-12-21T10:20:48 IST" duration-ms="11" status="PASS">
          <reporter-output>
          </reporter-output>
        </test-method> <!-- verifyTitle -->
        <test-method is-config="true" signature="tearDown()[pri:0, instance:com.mystore.testcases.IndexPageTestxml@c86b9e3]" started-at="2024-12-21T10:20:48 IST" name="tearDown" finished-at="2024-12-21T10:20:49 IST" duration-ms="216" status="PASS">
          <reporter-output>
          </reporter-output>
        </test-method> <!-- tearDown -->
        <test-method is-config="true" signature="afterClass()[pri:0, instance:com.mystore.testcases.IndexPageTestxml@c86b9e3]" started-at="2024-12-21T10:20:49 IST" name="afterClass" finished-at="2024-12-21T10:20:49 IST" duration-ms="0" status="PASS">
          <reporter-output>
          </reporter-output>
        </test-method> <!-- afterClass -->
        <test-method is-config="true" signature="afterTest()[pri:0, instance:com.mystore.testcases.IndexPageTestxml@c86b9e3]" started-at="2024-12-21T10:23:45 IST" name="afterTest" finished-at="2024-12-21T10:23:45 IST" duration-ms="3" status="PASS">
          <reporter-output>
          </reporter-output>
        </test-method> <!-- afterTest -->
        <test-method is-config="true" signature="afterSuite()[pri:0, instance:com.mystore.testcases.IndexPageTestxml@c86b9e3]" started-at="2024-12-21T10:23:45 IST" name="afterSuite" finished-at="2024-12-21T10:23:45 IST" duration-ms="0" status="PASS">
          <reporter-output>
          </reporter-output>
        </test-method> <!-- afterSuite -->
      </class> <!-- com.mystore.testcases.IndexPageTestxml -->
      <class name="com.mystore.testcases.endToEndTestxml">
        <test-method is-config="true" signature="beforeClass()[pri:0, instance:com.mystore.testcases.endToEndTestxml@41dd05a]" started-at="2024-12-21T10:21:59 IST" name="beforeClass" finished-at="2024-12-21T10:21:59 IST" duration-ms="0" status="PASS">
          <reporter-output>
          </reporter-output>
        </test-method> <!-- beforeClass -->
        <test-method is-config="true" signature="setup(java.lang.String)[pri:0, instance:com.mystore.testcases.endToEndTestxml@41dd05a]" started-at="2024-12-21T10:21:59 IST" name="setup" finished-at="2024-12-21T10:22:09 IST" duration-ms="9572" status="PASS">
          <params>
            <param index="0">
              <value>
                <![CDATA[Edge]]>
              </value>
            </param>
          </params>
          <reporter-output>
          </reporter-output>
        </test-method> <!-- setup -->
        <test-method signature="endToEndTest(java.util.HashMap)[pri:0, instance:com.mystore.testcases.endToEndTestxml@41dd05a]" started-at="2024-12-21T10:22:09 IST" name="endToEndTest" data-provider="endtoend" finished-at="2024-12-21T10:22:36 IST" duration-ms="26897" status="PASS">
          <params>
            <param index="0">
              <value>
                <![CDATA[{Product=Printed Chiffon Dress, Username=test.salesforce@gmail.com, Size=M, qty=2.0, Password=Testing*1234}]]>
              </value>
            </param>
          </params>
          <reporter-output>
          </reporter-output>
        </test-method> <!-- endToEndTest -->
        <test-method is-config="true" signature="tearDown()[pri:0, instance:com.mystore.testcases.endToEndTestxml@41dd05a]" started-at="2024-12-21T10:22:36 IST" name="tearDown" finished-at="2024-12-21T10:22:36 IST" duration-ms="260" status="PASS">
          <reporter-output>
          </reporter-output>
        </test-method> <!-- tearDown -->
        <test-method is-config="true" signature="setup(java.lang.String)[pri:0, instance:com.mystore.testcases.endToEndTestxml@41dd05a]" started-at="2024-12-21T10:22:36 IST" name="setup" finished-at="2024-12-21T10:22:45 IST" duration-ms="9554" status="PASS">
          <params>
            <param index="0">
              <value>
                <![CDATA[Edge]]>
              </value>
            </param>
          </params>
          <reporter-output>
          </reporter-output>
        </test-method> <!-- setup -->
        <test-method signature="newTest1()[pri:0, instance:com.mystore.testcases.endToEndTestxml@41dd05a]" started-at="2024-12-21T10:22:45 IST" name="newTest1" finished-at="2024-12-21T10:22:46 IST" duration-ms="913" status="PASS">
          <reporter-output>
          </reporter-output>
        </test-method> <!-- newTest1 -->
        <test-method is-config="true" signature="tearDown()[pri:0, instance:com.mystore.testcases.endToEndTestxml@41dd05a]" started-at="2024-12-21T10:22:46 IST" name="tearDown" finished-at="2024-12-21T10:22:47 IST" duration-ms="193" status="PASS">
          <reporter-output>
          </reporter-output>
        </test-method> <!-- tearDown -->
        <test-method is-config="true" signature="afterClass()[pri:0, instance:com.mystore.testcases.endToEndTestxml@41dd05a]" started-at="2024-12-21T10:22:47 IST" name="afterClass" finished-at="2024-12-21T10:22:47 IST" duration-ms="0" status="PASS">
          <reporter-output>
          </reporter-output>
        </test-method> <!-- afterClass -->
      </class> <!-- com.mystore.testcases.endToEndTestxml -->
      <class name="com.mystore.testcases.AddToCartPageTestxml">
        <test-method is-config="true" signature="beforeClass()[pri:0, instance:com.mystore.testcases.AddToCartPageTestxml@7103cb56]" started-at="2024-12-21T10:23:15 IST" name="beforeClass" finished-at="2024-12-21T10:23:15 IST" duration-ms="0" status="PASS">
          <reporter-output>
          </reporter-output>
        </test-method> <!-- beforeClass -->
        <test-method is-config="true" signature="setup(java.lang.String)[pri:0, instance:com.mystore.testcases.AddToCartPageTestxml@7103cb56]" started-at="2024-12-21T10:23:15 IST" name="setup" finished-at="2024-12-21T10:23:24 IST" duration-ms="9441" status="PASS">
          <params>
            <param index="0">
              <value>
                <![CDATA[Edge]]>
              </value>
            </param>
          </params>
          <reporter-output>
          </reporter-output>
        </test-method> <!-- setup -->
        <test-method signature="addToCartTest()[pri:0, instance:com.mystore.testcases.AddToCartPageTestxml@7103cb56]" started-at="2024-12-21T10:23:24 IST" name="addToCartTest" finished-at="2024-12-21T10:23:28 IST" duration-ms="3603" status="PASS">
          <reporter-output>
          </reporter-output>
        </test-method> <!-- addToCartTest -->
        <test-method is-config="true" signature="tearDown()[pri:0, instance:com.mystore.testcases.AddToCartPageTestxml@7103cb56]" started-at="2024-12-21T10:23:28 IST" name="tearDown" finished-at="2024-12-21T10:23:28 IST" duration-ms="261" status="PASS">
          <reporter-output>
          </reporter-output>
        </test-method> <!-- tearDown -->
        <test-method is-config="true" signature="afterClass()[pri:0, instance:com.mystore.testcases.AddToCartPageTestxml@7103cb56]" started-at="2024-12-21T10:23:28 IST" name="afterClass" finished-at="2024-12-21T10:23:28 IST" duration-ms="0" status="PASS">
          <reporter-output>
          </reporter-output>
        </test-method> <!-- afterClass -->
      </class> <!-- com.mystore.testcases.AddToCartPageTestxml -->
      <class name="com.mystore.testcases.HomepageTestxml">
        <test-method is-config="true" signature="beforeClass()[pri:0, instance:com.mystore.testcases.HomepageTestxml@4e3958e7]" started-at="2024-12-21T10:20:49 IST" name="beforeClass" finished-at="2024-12-21T10:20:49 IST" duration-ms="0" status="PASS">
          <reporter-output>
          </reporter-output>
        </test-method> <!-- beforeClass -->
        <test-method is-config="true" signature="setup(java.lang.String)[pri:0, instance:com.mystore.testcases.HomepageTestxml@4e3958e7]" started-at="2024-12-21T10:20:49 IST" name="setup" finished-at="2024-12-21T10:20:58 IST" duration-ms="9748" status="PASS">
          <params>
            <param index="0">
              <value>
                <![CDATA[Edge]]>
              </value>
            </param>
          </params>
          <reporter-output>
          </reporter-output>
        </test-method> <!-- setup -->
        <test-method signature="orderHistoryandDetailsTest()[pri:0, instance:com.mystore.testcases.HomepageTestxml@4e3958e7]" started-at="2024-12-21T10:20:58 IST" name="orderHistoryandDetailsTest" finished-at="2024-12-21T10:21:09 IST" duration-ms="10337" status="PASS">
          <reporter-output>
          </reporter-output>
        </test-method> <!-- orderHistoryandDetailsTest -->
        <test-method is-config="true" signature="tearDown()[pri:0, instance:com.mystore.testcases.HomepageTestxml@4e3958e7]" started-at="2024-12-21T10:21:09 IST" name="tearDown" finished-at="2024-12-21T10:21:09 IST" duration-ms="253" status="PASS">
          <reporter-output>
          </reporter-output>
        </test-method> <!-- tearDown -->
        <test-method is-config="true" signature="afterClass()[pri:0, instance:com.mystore.testcases.HomepageTestxml@4e3958e7]" started-at="2024-12-21T10:21:09 IST" name="afterClass" finished-at="2024-12-21T10:21:09 IST" duration-ms="0" status="PASS">
          <reporter-output>
          </reporter-output>
        </test-method> <!-- afterClass -->
      </class> <!-- com.mystore.testcases.HomepageTestxml -->
      <class name="com.mystore.testcases.SearchResultPageTestxml">
        <test-method is-config="true" signature="beforeClass()[pri:0, instance:com.mystore.testcases.SearchResultPageTestxml@178213b]" started-at="2024-12-21T10:23:02 IST" name="beforeClass" finished-at="2024-12-21T10:23:02 IST" duration-ms="0" status="PASS">
          <reporter-output>
          </reporter-output>
        </test-method> <!-- beforeClass -->
        <test-method is-config="true" signature="setup(java.lang.String)[pri:0, instance:com.mystore.testcases.SearchResultPageTestxml@178213b]" started-at="2024-12-21T10:23:02 IST" name="setup" finished-at="2024-12-21T10:23:12 IST" duration-ms="9638" status="PASS">
          <params>
            <param index="0">
              <value>
                <![CDATA[Edge]]>
              </value>
            </param>
          </params>
          <reporter-output>
          </reporter-output>
        </test-method> <!-- setup -->
        <test-method signature="verifyProductSearch(java.util.HashMap)[pri:0, instance:com.mystore.testcases.SearchResultPageTestxml@178213b]" started-at="2024-12-21T10:23:12 IST" name="verifyProductSearch" data-provider="endtoend" finished-at="2024-12-21T10:23:15 IST" duration-ms="2925" status="PASS">
          <params>
            <param index="0">
              <value>
                <![CDATA[{Product=Printed Chiffon Dress, Username=test.salesforce@gmail.com, Size=M, qty=2.0, Password=Testing*1234}]]>
              </value>
            </param>
          </params>
          <reporter-output>
          </reporter-output>
        </test-method> <!-- verifyProductSearch -->
        <test-method is-config="true" signature="tearDown()[pri:0, instance:com.mystore.testcases.SearchResultPageTestxml@178213b]" started-at="2024-12-21T10:23:15 IST" name="tearDown" finished-at="2024-12-21T10:23:15 IST" duration-ms="271" status="PASS">
          <reporter-output>
          </reporter-output>
        </test-method> <!-- tearDown -->
        <test-method is-config="true" signature="afterClass()[pri:0, instance:com.mystore.testcases.SearchResultPageTestxml@178213b]" started-at="2024-12-21T10:23:15 IST" name="afterClass" finished-at="2024-12-21T10:23:15 IST" duration-ms="0" status="PASS">
          <reporter-output>
          </reporter-output>
        </test-method> <!-- afterClass -->
      </class> <!-- com.mystore.testcases.SearchResultPageTestxml -->
      <class name="com.mystore.testcases.LoginPageTestxml">
        <test-method is-config="true" signature="beforeClass()[pri:0, instance:com.mystore.testcases.LoginPageTestxml@77f80c04]" started-at="2024-12-21T10:21:09 IST" name="beforeClass" finished-at="2024-12-21T10:21:09 IST" duration-ms="0" status="PASS">
          <reporter-output>
          </reporter-output>
        </test-method> <!-- beforeClass -->
        <test-method is-config="true" signature="setup(java.lang.String)[pri:0, instance:com.mystore.testcases.LoginPageTestxml@77f80c04]" started-at="2024-12-21T10:21:09 IST" name="setup" finished-at="2024-12-21T10:21:19 IST" duration-ms="9570" status="PASS">
          <params>
            <param index="0">
              <value>
                <![CDATA[Edge]]>
              </value>
            </param>
          </params>
          <reporter-output>
          </reporter-output>
        </test-method> <!-- setup -->
        <test-method signature="loginTest(java.lang.String,java.lang.String)[pri:0, instance:com.mystore.testcases.LoginPageTestxml@77f80c04]" started-at="2024-12-21T10:21:19 IST" name="loginTest" data-provider="credentials" finished-at="2024-12-21T10:21:26 IST" duration-ms="7128" status="PASS">
          <params>
            <param index="0">
              <value>
                <![CDATA[test.salesforce@gmail.com]]>
              </value>
            </param>
            <param index="1">
              <value>
                <![CDATA[Testing*1234]]>
              </value>
            </param>
          </params>
          <reporter-output>
          </reporter-output>
        </test-method> <!-- loginTest -->
        <test-method is-config="true" signature="tearDown()[pri:0, instance:com.mystore.testcases.LoginPageTestxml@77f80c04]" started-at="2024-12-21T10:21:26 IST" name="tearDown" finished-at="2024-12-21T10:21:26 IST" duration-ms="244" status="PASS">
          <reporter-output>
          </reporter-output>
        </test-method> <!-- tearDown -->
        <test-method is-config="true" signature="setup(java.lang.String)[pri:0, instance:com.mystore.testcases.LoginPageTestxml@77f80c04]" started-at="2024-12-21T10:21:26 IST" name="setup" finished-at="2024-12-21T10:21:36 IST" duration-ms="9617" status="PASS">
          <params>
            <param index="0">
              <value>
                <![CDATA[Edge]]>
              </value>
            </param>
          </params>
          <reporter-output>
          </reporter-output>
        </test-method> <!-- setup -->
        <test-method signature="loginTest(java.lang.String,java.lang.String)[pri:0, instance:com.mystore.testcases.LoginPageTestxml@77f80c04]" started-at="2024-12-21T10:21:36 IST" name="loginTest" data-provider="credentials" finished-at="2024-12-21T10:21:42 IST" duration-ms="6746" status="FAIL">
          <params>
            <param index="0">
              <value>
                <![CDATA[tesPadma@gmail.com]]>
              </value>
            </param>
            <param index="1">
              <value>
                <![CDATA[Testing*1234]]>
              </value>
            </param>
          </params>
          <exception class="java.lang.AssertionError">
            <message>
              <![CDATA[expected [http://www.automationpractice.pl/index.php?controller=my-account] but found [http://www.automationpractice.pl/index.php?controller=authentication]]]>
            </message>
            <full-stacktrace>
              <![CDATA[java.lang.AssertionError: expected [http://www.automationpractice.pl/index.php?controller=my-account] but found [http://www.automationpractice.pl/index.php?controller=authentication]
at org.testng.Assert.fail(Assert.java:111)
at org.testng.Assert.failNotEquals(Assert.java:1578)
at org.testng.Assert.assertEqualsImpl(Assert.java:150)
at org.testng.Assert.assertEquals(Assert.java:132)
at org.testng.Assert.assertEquals(Assert.java:656)
at org.testng.Assert.assertEquals(Assert.java:666)
at com.mystore.testcases.LoginPageTestxml.loginTest(LoginPageTestxml.java:49)
at java.base/jdk.internal.reflect.DirectMethodHandleAccessor.invoke(DirectMethodHandleAccessor.java:104)
at java.base/java.lang.reflect.Method.invoke(Method.java:577)
at org.testng.internal.invokers.MethodInvocationHelper.invokeMethod(MethodInvocationHelper.java:139)
at org.testng.internal.invokers.TestInvoker.invokeMethod(TestInvoker.java:664)
at org.testng.internal.invokers.TestInvoker.invokeTestMethod(TestInvoker.java:228)
at org.testng.internal.invokers.MethodRunner.runInSequence(MethodRunner.java:63)
at org.testng.internal.invokers.TestInvoker$MethodInvocationAgent.invoke(TestInvoker.java:961)
at org.testng.internal.invokers.TestInvoker.invokeTestMethods(TestInvoker.java:201)
at org.testng.internal.invokers.TestMethodWorker.invokeTestMethods(TestMethodWorker.java:148)
at org.testng.internal.invokers.TestMethodWorker.run(TestMethodWorker.java:128)
at java.base/java.util.ArrayList.forEach(ArrayList.java:1511)
at org.testng.TestRunner.privateRun(TestRunner.java:819)
at org.testng.TestRunner.run(TestRunner.java:619)
at org.testng.SuiteRunner.runTest(SuiteRunner.java:443)
at org.testng.SuiteRunner.runSequentially(SuiteRunner.java:437)
at org.testng.SuiteRunner.privateRun(SuiteRunner.java:397)
at org.testng.SuiteRunner.run(SuiteRunner.java:336)
at org.testng.SuiteRunnerWorker.runSuite(SuiteRunnerWorker.java:52)
at org.testng.SuiteRunnerWorker.run(SuiteRunnerWorker.java:95)
at org.testng.TestNG.runSuitesSequentially(TestNG.java:1301)
at org.testng.TestNG.runSuitesLocally(TestNG.java:1228)
at org.testng.TestNG.runSuites(TestNG.java:1134)
at org.testng.TestNG.run(TestNG.java:1101)
at org.testng.remote.AbstractRemoteTestNG.run(AbstractRemoteTestNG.java:115)
at org.testng.remote.RemoteTestNG.initAndRun(RemoteTestNG.java:251)
at org.testng.remote.RemoteTestNG.main(RemoteTestNG.java:77)
]]>
            </full-stacktrace>
          </exception> <!-- java.lang.AssertionError -->
          <reporter-output>
          </reporter-output>
        </test-method> <!-- loginTest -->
        <test-method is-config="true" signature="tearDown()[pri:0, instance:com.mystore.testcases.LoginPageTestxml@77f80c04]" started-at="2024-12-21T10:21:42 IST" name="tearDown" finished-at="2024-12-21T10:21:43 IST" duration-ms="253" status="PASS">
          <reporter-output>
          </reporter-output>
        </test-method> <!-- tearDown -->
        <test-method is-config="true" signature="setup(java.lang.String)[pri:0, instance:com.mystore.testcases.LoginPageTestxml@77f80c04]" started-at="2024-12-21T10:21:43 IST" name="setup" finished-at="2024-12-21T10:21:52 IST" duration-ms="9525" status="PASS">
          <params>
            <param index="0">
              <value>
                <![CDATA[Edge]]>
              </value>
            </param>
          </params>
          <reporter-output>
          </reporter-output>
        </test-method> <!-- setup -->
        <test-method signature="loginTest(java.lang.String,java.lang.String)[pri:0, instance:com.mystore.testcases.LoginPageTestxml@77f80c04]" started-at="2024-12-21T10:21:52 IST" name="loginTest" data-provider="credentials" finished-at="2024-12-21T10:21:59 IST" duration-ms="6678" status="FAIL">
          <params>
            <param index="0">
              <value>
                <![CDATA[tanvi@gmail.com]]>
              </value>
            </param>
            <param index="1">
              <value>
                <![CDATA[Testing*1234]]>
              </value>
            </param>
          </params>
          <exception class="java.lang.AssertionError">
            <message>
              <![CDATA[expected [http://www.automationpractice.pl/index.php?controller=my-account] but found [http://www.automationpractice.pl/index.php?controller=authentication]]]>
            </message>
            <full-stacktrace>
              <![CDATA[java.lang.AssertionError: expected [http://www.automationpractice.pl/index.php?controller=my-account] but found [http://www.automationpractice.pl/index.php?controller=authentication]
at org.testng.Assert.fail(Assert.java:111)
at org.testng.Assert.failNotEquals(Assert.java:1578)
at org.testng.Assert.assertEqualsImpl(Assert.java:150)
at org.testng.Assert.assertEquals(Assert.java:132)
at org.testng.Assert.assertEquals(Assert.java:656)
at org.testng.Assert.assertEquals(Assert.java:666)
at com.mystore.testcases.LoginPageTestxml.loginTest(LoginPageTestxml.java:49)
at java.base/jdk.internal.reflect.DirectMethodHandleAccessor.invoke(DirectMethodHandleAccessor.java:104)
at java.base/java.lang.reflect.Method.invoke(Method.java:577)
at org.testng.internal.invokers.MethodInvocationHelper.invokeMethod(MethodInvocationHelper.java:139)
at org.testng.internal.invokers.TestInvoker.invokeMethod(TestInvoker.java:664)
at org.testng.internal.invokers.TestInvoker.invokeTestMethod(TestInvoker.java:228)
at org.testng.internal.invokers.MethodRunner.runInSequence(MethodRunner.java:63)
at org.testng.internal.invokers.TestInvoker$MethodInvocationAgent.invoke(TestInvoker.java:961)
at org.testng.internal.invokers.TestInvoker.invokeTestMethods(TestInvoker.java:201)
at org.testng.internal.invokers.TestMethodWorker.invokeTestMethods(TestMethodWorker.java:148)
at org.testng.internal.invokers.TestMethodWorker.run(TestMethodWorker.java:128)
at java.base/java.util.ArrayList.forEach(ArrayList.java:1511)
at org.testng.TestRunner.privateRun(TestRunner.java:819)
at org.testng.TestRunner.run(TestRunner.java:619)
at org.testng.SuiteRunner.runTest(SuiteRunner.java:443)
at org.testng.SuiteRunner.runSequentially(SuiteRunner.java:437)
at org.testng.SuiteRunner.privateRun(SuiteRunner.java:397)
at org.testng.SuiteRunner.run(SuiteRunner.java:336)
at org.testng.SuiteRunnerWorker.runSuite(SuiteRunnerWorker.java:52)
at org.testng.SuiteRunnerWorker.run(SuiteRunnerWorker.java:95)
at org.testng.TestNG.runSuitesSequentially(TestNG.java:1301)
at org.testng.TestNG.runSuitesLocally(TestNG.java:1228)
at org.testng.TestNG.runSuites(TestNG.java:1134)
at org.testng.TestNG.run(TestNG.java:1101)
at org.testng.remote.AbstractRemoteTestNG.run(AbstractRemoteTestNG.java:115)
at org.testng.remote.RemoteTestNG.initAndRun(RemoteTestNG.java:251)
at org.testng.remote.RemoteTestNG.main(RemoteTestNG.java:77)
]]>
            </full-stacktrace>
          </exception> <!-- java.lang.AssertionError -->
          <reporter-output>
          </reporter-output>
        </test-method> <!-- loginTest -->
        <test-method is-config="true" signature="tearDown()[pri:0, instance:com.mystore.testcases.LoginPageTestxml@77f80c04]" started-at="2024-12-21T10:21:59 IST" name="tearDown" finished-at="2024-12-21T10:21:59 IST" duration-ms="250" status="PASS">
          <reporter-output>
          </reporter-output>
        </test-method> <!-- tearDown -->
        <test-method is-config="true" signature="afterClass()[pri:0, instance:com.mystore.testcases.LoginPageTestxml@77f80c04]" started-at="2024-12-21T10:21:59 IST" name="afterClass" finished-at="2024-12-21T10:21:59 IST" duration-ms="0" status="PASS">
          <reporter-output>
          </reporter-output>
        </test-method> <!-- afterClass -->
      </class> <!-- com.mystore.testcases.LoginPageTestxml -->
      <class name="com.mystore.testcases.AccountCreationPageTestxml">
        <test-method is-config="true" signature="beforeClass()[pri:0, instance:com.mystore.testcases.AccountCreationPageTestxml@613a8ee1]" started-at="2024-12-21T10:22:47 IST" name="beforeClass" finished-at="2024-12-21T10:22:47 IST" duration-ms="0" status="PASS">
          <reporter-output>
          </reporter-output>
        </test-method> <!-- beforeClass -->
        <test-method is-config="true" signature="setup(java.lang.String)[pri:0, instance:com.mystore.testcases.AccountCreationPageTestxml@613a8ee1]" started-at="2024-12-21T10:22:47 IST" name="setup" finished-at="2024-12-21T10:22:57 IST" duration-ms="10469" status="PASS">
          <params>
            <param index="0">
              <value>
                <![CDATA[Edge]]>
              </value>
            </param>
          </params>
          <reporter-output>
          </reporter-output>
        </test-method> <!-- setup -->
        <test-method is-config="true" signature="setup(java.lang.String)[pri:0, instance:com.mystore.testcases.AccountCreationPageTestxml@613a8ee1]" started-at="2024-12-21T10:22:47 IST" name="setup" finished-at="2024-12-21T10:22:57 IST" duration-ms="10849" status="PASS">
          <params>
            <param index="0">
              <value>
                <![CDATA[Edge]]>
              </value>
            </param>
          </params>
          <reporter-output>
          </reporter-output>
        </test-method> <!-- setup -->
        <test-method is-config="true" signature="setup(java.lang.String)[pri:0, instance:com.mystore.testcases.AccountCreationPageTestxml@613a8ee1]" started-at="2024-12-21T10:22:47 IST" name="setup" finished-at="2024-12-21T10:22:57 IST" duration-ms="10041" status="PASS">
          <params>
            <param index="0">
              <value>
                <![CDATA[Edge]]>
              </value>
            </param>
          </params>
          <reporter-output>
          </reporter-output>
        </test-method> <!-- setup -->
        <test-method signature="verifyAccountCreationLandingPage(java.util.HashMap)[pri:0, instance:com.mystore.testcases.AccountCreationPageTestxml@613a8ee1]" started-at="2024-12-21T10:22:57 IST" name="verifyAccountCreationLandingPage" data-provider="newAcountDetailsData" finished-at="2024-12-21T10:23:01 IST" duration-ms="4166" status="PASS">
          <params>
            <param index="0">
              <value>
                <![CDATA[{Company=ABCDEF, Email=newUser1yuyt6@gmail.com, Address=EDFG123, FirstName=TestUser, Gender=Mr, City=San, MobilePhone=8489875678, Month=7, Year=1985, State=Alabama, Zipcode=91436, Country=United States, LastName=UserTest, SetPassword=hgsdtyf, Day=22}]]>
              </value>
            </param>
          </params>
          <reporter-output>
          </reporter-output>
        </test-method> <!-- verifyAccountCreationLandingPage -->
        <test-method signature="verifyAccountCreationLandingPage(java.util.HashMap)[pri:0, instance:com.mystore.testcases.AccountCreationPageTestxml@613a8ee1]" started-at="2024-12-21T10:22:57 IST" name="verifyAccountCreationLandingPage" data-provider="newAcountDetailsData" finished-at="2024-12-21T10:23:02 IST" duration-ms="4897" status="PASS">
          <params>
            <param index="0">
              <value>
                <![CDATA[{Company=ABCDEF, Email=newUser3yuuy7@gmail.com, Address=EDFG123, FirstName=TestUser, Gender=Mr, City=San, MobilePhone=8489875786, Month=7, Year=1985, State=Alabama, Zipcode=91436, Country=United States, LastName=UserTest, SetPassword=hgsdtyf, Day=22}]]>
              </value>
            </param>
          </params>
          <reporter-output>
          </reporter-output>
        </test-method> <!-- verifyAccountCreationLandingPage -->
        <test-method signature="verifyAccountCreationLandingPage(java.util.HashMap)[pri:0, instance:com.mystore.testcases.AccountCreationPageTestxml@613a8ee1]" started-at="2024-12-21T10:22:57 IST" name="verifyAccountCreationLandingPage" data-provider="newAcountDetailsData" finished-at="2024-12-21T10:22:59 IST" duration-ms="1527" status="PASS">
          <params>
            <param index="0">
              <value>
                <![CDATA[{Company=ABCDEF, Email=newUser2ytuy6598@gmail.com, Address=EDFG123, FirstName=TestUser, Gender=Mr, City=San, MobilePhone=8489875678, Month=7, Year=1985, State=Alabama, Zipcode=91436, Country=United States, LastName=UserTest, SetPassword=hgsdtyf, Day=22}]]>
              </value>
            </param>
          </params>
          <reporter-output>
          </reporter-output>
        </test-method> <!-- verifyAccountCreationLandingPage -->
        <test-method is-config="true" signature="tearDown()[pri:0, instance:com.mystore.testcases.AccountCreationPageTestxml@613a8ee1]" started-at="2024-12-21T10:22:59 IST" name="tearDown" finished-at="2024-12-21T10:22:59 IST" duration-ms="198" status="PASS">
          <reporter-output>
          </reporter-output>
        </test-method> <!-- tearDown -->
        <test-method is-config="true" signature="tearDown()[pri:0, instance:com.mystore.testcases.AccountCreationPageTestxml@613a8ee1]" started-at="2024-12-21T10:23:01 IST" name="tearDown" finished-at="2024-12-21T10:23:01 IST" duration-ms="0" status="PASS">
          <reporter-output>
          </reporter-output>
        </test-method> <!-- tearDown -->
        <test-method is-config="true" signature="tearDown()[pri:0, instance:com.mystore.testcases.AccountCreationPageTestxml@613a8ee1]" started-at="2024-12-21T10:23:02 IST" name="tearDown" finished-at="2024-12-21T10:23:02 IST" duration-ms="0" status="PASS">
          <reporter-output>
          </reporter-output>
        </test-method> <!-- tearDown -->
        <test-method is-config="true" signature="afterClass()[pri:0, instance:com.mystore.testcases.AccountCreationPageTestxml@613a8ee1]" started-at="2024-12-21T10:23:02 IST" name="afterClass" finished-at="2024-12-21T10:23:02 IST" duration-ms="0" status="PASS">
          <reporter-output>
          </reporter-output>
        </test-method> <!-- afterClass -->
      </class> <!-- com.mystore.testcases.AccountCreationPageTestxml -->
      <class name="com.mystore.testcases.OrderPageTestxml">
        <test-method is-config="true" signature="beforeClass()[pri:0, instance:com.mystore.testcases.OrderPageTestxml@1b765a2c]" started-at="2024-12-21T10:23:28 IST" name="beforeClass" finished-at="2024-12-21T10:23:28 IST" duration-ms="0" status="PASS">
          <reporter-output>
          </reporter-output>
        </test-method> <!-- beforeClass -->
        <test-method is-config="true" signature="setup(java.lang.String)[pri:0, instance:com.mystore.testcases.OrderPageTestxml@1b765a2c]" started-at="2024-12-21T10:23:28 IST" name="setup" finished-at="2024-12-21T10:23:38 IST" duration-ms="9535" status="PASS">
          <params>
            <param index="0">
              <value>
                <![CDATA[Edge]]>
              </value>
            </param>
          </params>
          <reporter-output>
          </reporter-output>
        </test-method> <!-- setup -->
        <test-method signature="orderPageTest(java.util.HashMap)[pri:0, instance:com.mystore.testcases.OrderPageTestxml@1b765a2c]" started-at="2024-12-21T10:23:38 IST" name="orderPageTest" data-provider="endtoend" finished-at="2024-12-21T10:23:44 IST" duration-ms="6615" status="PASS">
          <params>
            <param index="0">
              <value>
                <![CDATA[{Product=Printed Chiffon Dress, Username=test.salesforce@gmail.com, Size=M, qty=2.0, Password=Testing*1234}]]>
              </value>
            </param>
          </params>
          <reporter-output>
          </reporter-output>
        </test-method> <!-- orderPageTest -->
        <test-method is-config="true" signature="tearDown()[pri:0, instance:com.mystore.testcases.OrderPageTestxml@1b765a2c]" started-at="2024-12-21T10:23:44 IST" name="tearDown" finished-at="2024-12-21T10:23:45 IST" duration-ms="1109" status="PASS">
          <reporter-output>
          </reporter-output>
        </test-method> <!-- tearDown -->
        <test-method is-config="true" signature="afterClass()[pri:0, instance:com.mystore.testcases.OrderPageTestxml@1b765a2c]" started-at="2024-12-21T10:23:45 IST" name="afterClass" finished-at="2024-12-21T10:23:45 IST" duration-ms="0" status="PASS">
          <reporter-output>
          </reporter-output>
        </test-method> <!-- afterClass -->
      </class> <!-- com.mystore.testcases.OrderPageTestxml -->
    </test> <!-- Test -->
  </suite> <!-- AllSuite -->
</testng-results>
